0 info it worked if it ends with ok
1 verbose cli [ '/home/gusbgtk/.nvm/versions/node/v6.11.2/bin/node',
1 verbose cli   '/home/gusbgtk/.nvm/versions/node/v6.11.2/bin/npm',
1 verbose cli   'start' ]
2 info using npm@3.10.10
3 info using node@v6.11.2
4 verbose run-script [ 'prestart', 'start', 'poststart' ]
5 info lifecycle ge_express@1.0.0~prestart: ge_express@1.0.0
6 silly lifecycle ge_express@1.0.0~prestart: no script for prestart, continuing
7 info lifecycle ge_express@1.0.0~start: ge_express@1.0.0
8 verbose lifecycle ge_express@1.0.0~start: unsafe-perm in lifecycle true
9 verbose lifecycle ge_express@1.0.0~start: PATH: /home/gusbgtk/.nvm/versions/node/v6.11.2/lib/node_modules/npm/bin/node-gyp-bin:/home/gusbgtk/Escritorio/ITESM_CEM/GE_APP/GE_Express/api/node_modules/.bin:/home/gusbgtk/.nvm/versions/node/v6.11.2/bin:/home/gusbgtk/bin:/home/gusbgtk/.local/bin:/usr/local/sbin:/usr/local/bin:/usr/sbin:/usr/bin:/sbin:/bin:/usr/games:/usr/local/games:/:/snap/bin:/usr/lib/jvm/java-8-oracle/bin:/usr/lib/jvm/java-8-oracle/db/bin:/usr/lib/jvm/java-8-oracle/jre/bin
10 verbose lifecycle ge_express@1.0.0~start: CWD: /home/gusbgtk/Escritorio/ITESM_CEM/GE_APP/GE_Express/api
11 silly lifecycle ge_express@1.0.0~start: Args: [ '-c', 'nodemon index.js' ]
12 silly lifecycle ge_express@1.0.0~start: Returned: code: 1  signal: null
13 info lifecycle ge_express@1.0.0~start: Failed to exec start script
14 verbose stack Error: ge_express@1.0.0 start: `nodemon index.js`
14 verbose stack Exit status 1
14 verbose stack     at EventEmitter.<anonymous> (/home/gusbgtk/.nvm/versions/node/v6.11.2/lib/node_modules/npm/lib/utils/lifecycle.js:255:16)
14 verbose stack     at emitTwo (events.js:106:13)
14 verbose stack     at EventEmitter.emit (events.js:191:7)
14 verbose stack     at ChildProcess.<anonymous> (/home/gusbgtk/.nvm/versions/node/v6.11.2/lib/node_modules/npm/lib/utils/spawn.js:40:14)
14 verbose stack     at emitTwo (events.js:106:13)
14 verbose stack     at ChildProcess.emit (events.js:191:7)
14 verbose stack     at maybeClose (internal/child_process.js:891:16)
14 verbose stack     at Process.ChildProcess._handle.onexit (internal/child_process.js:226:5)
15 verbose pkgid ge_express@1.0.0
16 verbose cwd /home/gusbgtk/Escritorio/ITESM_CEM/GE_APP/GE_Express/api
17 error Linux 4.15.0-36-generic
18 error argv "/home/gusbgtk/.nvm/versions/node/v6.11.2/bin/node" "/home/gusbgtk/.nvm/versions/node/v6.11.2/bin/npm" "start"
19 error node v6.11.2
20 error npm  v3.10.10
21 error code ELIFECYCLE
22 error ge_express@1.0.0 start: `nodemon index.js`
22 error Exit status 1
23 error Failed at the ge_express@1.0.0 start script 'nodemon index.js'.
23 error Make sure you have the latest version of node.js and npm installed.
23 error If you do, this is most likely a problem with the ge_express package,
23 error not with npm itself.
23 error Tell the author that this fails on your system:
23 error     nodemon index.js
23 error You can get information on how to open an issue for this project with:
23 error     npm bugs ge_express
23 error Or if that isn't available, you can get their info via:
23 error     npm owner ls ge_express
23 error There is likely additional logging output above.
24 verbose exit [ 1, true ]
